{
  "Cucumber Features": {
    "coverage": {
      "/home/ivy/Desktop/proyecto-robot-auto/app.rb": [
        1,
        1,
        4,
        4,
        4,
        null,
        null,
        1,
        3,
        3,
        3,
        null
      ],
      "/home/ivy/Desktop/proyecto-robot-auto/features/step_definitions/dimensions_steps.rb": [
        1,
        3,
        null,
        null,
        1,
        1,
        null,
        null,
        1,
        1,
        null,
        null,
        null,
        1,
        0,
        null,
        null,
        1,
        1,
        1,
        null,
        null,
        1,
        1,
        null
      ],
      "/home/ivy/Desktop/proyecto-robot-auto/features/step_definitions/home_steps.rb": [
        1,
        1,
        null,
        null,
        1,
        4,
        null
      ],
      "/home/ivy/Desktop/proyecto-robot-auto/features/step_definitions/template_steps.rb": [
        1,
        0,
        null,
        null,
        1,
        0,
        null,
        null,
        1,
        0,
        null,
        null,
        1,
        0,
        null,
        null,
        1,
        0,
        null,
        null,
        1,
        0,
        null,
        null,
        1,
        0,
        null,
        null,
        null,
        null,
        1,
        null,
        0,
        null,
        0,
        0,
        null,
        null
      ]
    },
    "timestamp": 1575385892
  },
  "RSpec": {
    "coverage": {
      "/home/ivy/Desktop/proyecto-robot-auto/spec/Game_spec.rb": [
        1,
        1,
        1,
        null,
        1,
        null,
        1,
        21,
        21,
        21,
        21,
        null,
        null,
        1,
        1,
        null,
        null,
        1,
        1,
        null,
        null,
        1,
        1,
        null,
        null,
        1,
        1,
        null,
        null,
        1,
        1,
        null,
        null,
        1,
        1,
        null,
        null,
        1,
        1,
        null,
        null,
        1,
        1,
        null,
        null,
        1,
        1,
        null,
        null,
        1,
        1,
        null,
        null,
        1,
        1,
        null,
        null,
        1,
        1,
        null,
        null,
        1,
        1,
        null,
        null,
        1,
        1,
        null,
        null,
        1,
        1,
        1,
        1,
        1,
        null,
        null,
        1,
        1,
        1,
        1,
        1,
        null,
        null,
        1,
        1,
        1,
        1,
        1,
        null,
        null,
        1,
        1,
        1,
        1,
        1,
        null,
        null,
        1,
        1,
        1,
        1,
        1,
        null,
        null,
        1,
        1,
        1,
        1,
        1,
        null,
        null,
        1,
        1,
        1,
        1,
        1,
        null,
        null
      ],
      "/home/ivy/Desktop/proyecto-robot-auto/lib/Game.rb": [
        1,
        null,
        1,
        null,
        null,
        null,
        1,
        21,
        21,
        21,
        null,
        null,
        1,
        3,
        null,
        null,
        1,
        2,
        null,
        null,
        1,
        1,
        null,
        null,
        1,
        1,
        null,
        null,
        1,
        2,
        null,
        null,
        1,
        1,
        null,
        null,
        1,
        4,
        null,
        null,
        1,
        0,
        null,
        null,
        1,
        7,
        7,
        7,
        7,
        7,
        14,
        5,
        3,
        null,
        9,
        8,
        7,
        null,
        1,
        1,
        1,
        null,
        null,
        null,
        7,
        null,
        null
      ],
      "/home/ivy/Desktop/proyecto-robot-auto/lib/surface.rb": [
        1,
        null,
        1,
        null,
        null,
        null,
        null,
        null,
        1,
        21,
        21,
        21,
        21,
        21,
        null,
        null,
        1,
        7,
        7,
        null,
        null,
        1,
        21,
        null,
        null,
        1,
        0,
        null,
        null,
        1,
        7,
        null,
        null,
        1,
        7,
        null,
        null,
        null,
        1,
        21,
        null,
        null
      ],
      "/home/ivy/Desktop/proyecto-robot-auto/lib/car.rb": [
        1,
        null,
        null,
        null,
        null,
        1,
        42,
        42,
        42,
        null,
        1,
        7,
        7,
        null,
        null,
        1,
        7,
        null,
        null,
        1,
        7,
        null,
        null,
        1,
        7,
        null,
        null,
        1,
        7,
        null,
        null
      ]
    },
    "timestamp": 1575550271
  }
}
